[2016-06-29 11:41:33] local.ERROR: PDOException: SQLSTATE[42S02]: Base table or view not found: 1146 Table 'radioclassic.is_banners' doesn't exist in /home/leri/Projects/radioclassic/vendor/laravel/framework/src/Illuminate/Database/Connection.php:319
Stack trace:
#0 /home/leri/Projects/radioclassic/vendor/laravel/framework/src/Illuminate/Database/Connection.php(319): PDO->prepare('select * from `...')
#1 /home/leri/Projects/radioclassic/vendor/laravel/framework/src/Illuminate/Database/Connection.php(644): Illuminate\Database\Connection->Illuminate\Database\{closure}(Object(Illuminate\Database\MySqlConnection), 'select * from `...', Array)
#2 /home/leri/Projects/radioclassic/vendor/laravel/framework/src/Illuminate/Database/Connection.php(611): Illuminate\Database\Connection->runQueryCallback('select * from `...', Array, Object(Closure))
#3 /home/leri/Projects/radioclassic/vendor/laravel/framework/src/Illuminate/Database/Connection.php(324): Illuminate\Database\Connection->run('select * from `...', Array, Object(Closure))
#4 /home/leri/Projects/radioclassic/vendor/laravel/framework/src/Illuminate/Database/Query/Builder.php(1432): Illuminate\Database\Connection->select('select * from `...', Array, true)
#5 /home/leri/Projects/radioclassic/vendor/laravel/framework/src/Illuminate/Database/Query/Builder.php(1409): Illuminate\Database\Query\Builder->runSelect()
#6 /home/leri/Projects/radioclassic/vendor/laravel/framework/src/Illuminate/Database/Eloquent/Builder.php(411): Illuminate\Database\Query\Builder->get(Array)
#7 /home/leri/Projects/radioclassic/vendor/laravel/framework/src/Illuminate/Database/Eloquent/Builder.php(168): Illuminate\Database\Eloquent\Builder->getModels(Array)
#8 /home/leri/Projects/radioclassic/app/Providers/AppServiceProvider.php(16): Illuminate\Database\Eloquent\Builder->get()
#9 [internal function]: App\Providers\AppServiceProvider->boot()
#10 /home/leri/Projects/radioclassic/vendor/laravel/framework/src/Illuminate/Container/Container.php(507): call_user_func_array(Array, Array)
#11 /home/leri/Projects/radioclassic/vendor/laravel/framework/src/Illuminate/Foundation/Application.php(734): Illuminate\Container\Container->call(Array)
#12 /home/leri/Projects/radioclassic/vendor/laravel/framework/src/Illuminate/Foundation/Application.php(717): Illuminate\Foundation\Application->bootProvider(Object(App\Providers\AppServiceProvider))
#13 [internal function]: Illuminate\Foundation\Application->Illuminate\Foundation\{closure}(Object(App\Providers\AppServiceProvider), 16)
#14 /home/leri/Projects/radioclassic/vendor/laravel/framework/src/Illuminate/Foundation/Application.php(718): array_walk(Array, Object(Closure))
#15 /home/leri/Projects/radioclassic/vendor/laravel/framework/src/Illuminate/Foundation/Bootstrap/BootProviders.php(17): Illuminate\Foundation\Application->boot()
#16 /home/leri/Projects/radioclassic/vendor/laravel/framework/src/Illuminate/Foundation/Application.php(203): Illuminate\Foundation\Bootstrap\BootProviders->bootstrap(Object(Illuminate\Foundation\Application))
#17 /home/leri/Projects/radioclassic/vendor/laravel/framework/src/Illuminate/Foundation/Http/Kernel.php(222): Illuminate\Foundation\Application->bootstrapWith(Array)
#18 /home/leri/Projects/radioclassic/vendor/laravel/framework/src/Illuminate/Foundation/Http/Kernel.php(117): Illuminate\Foundation\Http\Kernel->bootstrap()
#19 /home/leri/Projects/radioclassic/vendor/laravel/framework/src/Illuminate/Foundation/Http/Kernel.php(87): Illuminate\Foundation\Http\Kernel->sendRequestThroughRouter(Object(Illuminate\Http\Request))
#20 /home/leri/Projects/radioclassic/public/index.php(52): Illuminate\Foundation\Http\Kernel->handle(Object(Illuminate\Http\Request))
#21 /home/leri/Projects/radioclassic/server.php(21): require_once('/home/leri/Proj...')
#22 {main}

Next Illuminate\Database\QueryException: SQLSTATE[42S02]: Base table or view not found: 1146 Table 'radioclassic.is_banners' doesn't exist (SQL: select * from `is_banners` order by `id` desc) in /home/leri/Projects/radioclassic/vendor/laravel/framework/src/Illuminate/Database/Connection.php:651
Stack trace:
#0 /home/leri/Projects/radioclassic/vendor/laravel/framework/src/Illuminate/Database/Connection.php(611): Illuminate\Database\Connection->runQueryCallback('select * from `...', Array, Object(Closure))
#1 /home/leri/Projects/radioclassic/vendor/laravel/framework/src/Illuminate/Database/Connection.php(324): Illuminate\Database\Connection->run('select * from `...', Array, Object(Closure))
#2 /home/leri/Projects/radioclassic/vendor/laravel/framework/src/Illuminate/Database/Query/Builder.php(1432): Illuminate\Database\Connection->select('select * from `...', Array, true)
#3 /home/leri/Projects/radioclassic/vendor/laravel/framework/src/Illuminate/Database/Query/Builder.php(1409): Illuminate\Database\Query\Builder->runSelect()
#4 /home/leri/Projects/radioclassic/vendor/laravel/framework/src/Illuminate/Database/Eloquent/Builder.php(411): Illuminate\Database\Query\Builder->get(Array)
#5 /home/leri/Projects/radioclassic/vendor/laravel/framework/src/Illuminate/Database/Eloquent/Builder.php(168): Illuminate\Database\Eloquent\Builder->getModels(Array)
#6 /home/leri/Projects/radioclassic/app/Providers/AppServiceProvider.php(16): Illuminate\Database\Eloquent\Builder->get()
#7 [internal function]: App\Providers\AppServiceProvider->boot()
#8 /home/leri/Projects/radioclassic/vendor/laravel/framework/src/Illuminate/Container/Container.php(507): call_user_func_array(Array, Array)
#9 /home/leri/Projects/radioclassic/vendor/laravel/framework/src/Illuminate/Foundation/Application.php(734): Illuminate\Container\Container->call(Array)
#10 /home/leri/Projects/radioclassic/vendor/laravel/framework/src/Illuminate/Foundation/Application.php(717): Illuminate\Foundation\Application->bootProvider(Object(App\Providers\AppServiceProvider))
#11 [internal function]: Illuminate\Foundation\Application->Illuminate\Foundation\{closure}(Object(App\Providers\AppServiceProvider), 16)
#12 /home/leri/Projects/radioclassic/vendor/laravel/framework/src/Illuminate/Foundation/Application.php(718): array_walk(Array, Object(Closure))
#13 /home/leri/Projects/radioclassic/vendor/laravel/framework/src/Illuminate/Foundation/Bootstrap/BootProviders.php(17): Illuminate\Foundation\Application->boot()
#14 /home/leri/Projects/radioclassic/vendor/laravel/framework/src/Illuminate/Foundation/Application.php(203): Illuminate\Foundation\Bootstrap\BootProviders->bootstrap(Object(Illuminate\Foundation\Application))
#15 /home/leri/Projects/radioclassic/vendor/laravel/framework/src/Illuminate/Foundation/Http/Kernel.php(222): Illuminate\Foundation\Application->bootstrapWith(Array)
#16 /home/leri/Projects/radioclassic/vendor/laravel/framework/src/Illuminate/Foundation/Http/Kernel.php(117): Illuminate\Foundation\Http\Kernel->bootstrap()
#17 /home/leri/Projects/radioclassic/vendor/laravel/framework/src/Illuminate/Foundation/Http/Kernel.php(87): Illuminate\Foundation\Http\Kernel->sendRequestThroughRouter(Object(Illuminate\Http\Request))
#18 /home/leri/Projects/radioclassic/public/index.php(52): Illuminate\Foundation\Http\Kernel->handle(Object(Illuminate\Http\Request))
#19 /home/leri/Projects/radioclassic/server.php(21): require_once('/home/leri/Proj...')
#20 {main}  
[2016-06-29 11:42:12] local.ERROR: PDOException: SQLSTATE[42S02]: Base table or view not found: 1146 Table 'radioclassic.is_banners' doesn't exist in /home/leri/Projects/radioclassic/vendor/laravel/framework/src/Illuminate/Database/Connection.php:319
Stack trace:
#0 /home/leri/Projects/radioclassic/vendor/laravel/framework/src/Illuminate/Database/Connection.php(319): PDO->prepare('select * from `...')
#1 /home/leri/Projects/radioclassic/vendor/laravel/framework/src/Illuminate/Database/Connection.php(644): Illuminate\Database\Connection->Illuminate\Database\{closure}(Object(Illuminate\Database\MySqlConnection), 'select * from `...', Array)
#2 /home/leri/Projects/radioclassic/vendor/laravel/framework/src/Illuminate/Database/Connection.php(611): Illuminate\Database\Connection->runQueryCallback('select * from `...', Array, Object(Closure))
#3 /home/leri/Projects/radioclassic/vendor/laravel/framework/src/Illuminate/Database/Connection.php(324): Illuminate\Database\Connection->run('select * from `...', Array, Object(Closure))
#4 /home/leri/Projects/radioclassic/vendor/laravel/framework/src/Illuminate/Database/Query/Builder.php(1432): Illuminate\Database\Connection->select('select * from `...', Array, true)
#5 /home/leri/Projects/radioclassic/vendor/laravel/framework/src/Illuminate/Database/Query/Builder.php(1409): Illuminate\Database\Query\Builder->runSelect()
#6 /home/leri/Projects/radioclassic/vendor/laravel/framework/src/Illuminate/Database/Eloquent/Builder.php(411): Illuminate\Database\Query\Builder->get(Array)
#7 /home/leri/Projects/radioclassic/vendor/laravel/framework/src/Illuminate/Database/Eloquent/Builder.php(168): Illuminate\Database\Eloquent\Builder->getModels(Array)
#8 /home/leri/Projects/radioclassic/app/Providers/AppServiceProvider.php(16): Illuminate\Database\Eloquent\Builder->get()
#9 [internal function]: App\Providers\AppServiceProvider->boot()
#10 /home/leri/Projects/radioclassic/vendor/laravel/framework/src/Illuminate/Container/Container.php(507): call_user_func_array(Array, Array)
#11 /home/leri/Projects/radioclassic/vendor/laravel/framework/src/Illuminate/Foundation/Application.php(734): Illuminate\Container\Container->call(Array)
#12 /home/leri/Projects/radioclassic/vendor/laravel/framework/src/Illuminate/Foundation/Application.php(717): Illuminate\Foundation\Application->bootProvider(Object(App\Providers\AppServiceProvider))
#13 [internal function]: Illuminate\Foundation\Application->Illuminate\Foundation\{closure}(Object(App\Providers\AppServiceProvider), 16)
#14 /home/leri/Projects/radioclassic/vendor/laravel/framework/src/Illuminate/Foundation/Application.php(718): array_walk(Array, Object(Closure))
#15 /home/leri/Projects/radioclassic/vendor/laravel/framework/src/Illuminate/Foundation/Bootstrap/BootProviders.php(17): Illuminate\Foundation\Application->boot()
#16 /home/leri/Projects/radioclassic/vendor/laravel/framework/src/Illuminate/Foundation/Application.php(203): Illuminate\Foundation\Bootstrap\BootProviders->bootstrap(Object(Illuminate\Foundation\Application))
#17 /home/leri/Projects/radioclassic/vendor/laravel/framework/src/Illuminate/Foundation/Http/Kernel.php(222): Illuminate\Foundation\Application->bootstrapWith(Array)
#18 /home/leri/Projects/radioclassic/vendor/laravel/framework/src/Illuminate/Foundation/Http/Kernel.php(117): Illuminate\Foundation\Http\Kernel->bootstrap()
#19 /home/leri/Projects/radioclassic/vendor/laravel/framework/src/Illuminate/Foundation/Http/Kernel.php(87): Illuminate\Foundation\Http\Kernel->sendRequestThroughRouter(Object(Illuminate\Http\Request))
#20 /home/leri/Projects/radioclassic/public/index.php(52): Illuminate\Foundation\Http\Kernel->handle(Object(Illuminate\Http\Request))
#21 /home/leri/Projects/radioclassic/server.php(21): require_once('/home/leri/Proj...')
#22 {main}

Next Illuminate\Database\QueryException: SQLSTATE[42S02]: Base table or view not found: 1146 Table 'radioclassic.is_banners' doesn't exist (SQL: select * from `is_banners` order by `id` desc) in /home/leri/Projects/radioclassic/vendor/laravel/framework/src/Illuminate/Database/Connection.php:651
Stack trace:
#0 /home/leri/Projects/radioclassic/vendor/laravel/framework/src/Illuminate/Database/Connection.php(611): Illuminate\Database\Connection->runQueryCallback('select * from `...', Array, Object(Closure))
#1 /home/leri/Projects/radioclassic/vendor/laravel/framework/src/Illuminate/Database/Connection.php(324): Illuminate\Database\Connection->run('select * from `...', Array, Object(Closure))
#2 /home/leri/Projects/radioclassic/vendor/laravel/framework/src/Illuminate/Database/Query/Builder.php(1432): Illuminate\Database\Connection->select('select * from `...', Array, true)
#3 /home/leri/Projects/radioclassic/vendor/laravel/framework/src/Illuminate/Database/Query/Builder.php(1409): Illuminate\Database\Query\Builder->runSelect()
#4 /home/leri/Projects/radioclassic/vendor/laravel/framework/src/Illuminate/Database/Eloquent/Builder.php(411): Illuminate\Database\Query\Builder->get(Array)
#5 /home/leri/Projects/radioclassic/vendor/laravel/framework/src/Illuminate/Database/Eloquent/Builder.php(168): Illuminate\Database\Eloquent\Builder->getModels(Array)
#6 /home/leri/Projects/radioclassic/app/Providers/AppServiceProvider.php(16): Illuminate\Database\Eloquent\Builder->get()
#7 [internal function]: App\Providers\AppServiceProvider->boot()
#8 /home/leri/Projects/radioclassic/vendor/laravel/framework/src/Illuminate/Container/Container.php(507): call_user_func_array(Array, Array)
#9 /home/leri/Projects/radioclassic/vendor/laravel/framework/src/Illuminate/Foundation/Application.php(734): Illuminate\Container\Container->call(Array)
#10 /home/leri/Projects/radioclassic/vendor/laravel/framework/src/Illuminate/Foundation/Application.php(717): Illuminate\Foundation\Application->bootProvider(Object(App\Providers\AppServiceProvider))
#11 [internal function]: Illuminate\Foundation\Application->Illuminate\Foundation\{closure}(Object(App\Providers\AppServiceProvider), 16)
#12 /home/leri/Projects/radioclassic/vendor/laravel/framework/src/Illuminate/Foundation/Application.php(718): array_walk(Array, Object(Closure))
#13 /home/leri/Projects/radioclassic/vendor/laravel/framework/src/Illuminate/Foundation/Bootstrap/BootProviders.php(17): Illuminate\Foundation\Application->boot()
#14 /home/leri/Projects/radioclassic/vendor/laravel/framework/src/Illuminate/Foundation/Application.php(203): Illuminate\Foundation\Bootstrap\BootProviders->bootstrap(Object(Illuminate\Foundation\Application))
#15 /home/leri/Projects/radioclassic/vendor/laravel/framework/src/Illuminate/Foundation/Http/Kernel.php(222): Illuminate\Foundation\Application->bootstrapWith(Array)
#16 /home/leri/Projects/radioclassic/vendor/laravel/framework/src/Illuminate/Foundation/Http/Kernel.php(117): Illuminate\Foundation\Http\Kernel->bootstrap()
#17 /home/leri/Projects/radioclassic/vendor/laravel/framework/src/Illuminate/Foundation/Http/Kernel.php(87): Illuminate\Foundation\Http\Kernel->sendRequestThroughRouter(Object(Illuminate\Http\Request))
#18 /home/leri/Projects/radioclassic/public/index.php(52): Illuminate\Foundation\Http\Kernel->handle(Object(Illuminate\Http\Request))
#19 /home/leri/Projects/radioclassic/server.php(21): require_once('/home/leri/Proj...')
#20 {main}  
